app/build/intermediates/manifest_merge_blame_file/debug/manifest-merger-blame-debug-report.txt
1<?xml version="1.0" encoding="utf-8"?>
2<manifest xmlns:android="http://schemas.android.com/apk/res/android"
3    package="arpit.com.farmis"
4    android:versionCode="1"
5    android:versionName="1.0" >
6
7    <uses-sdk
8        android:minSdkVersion="21"
8-->src\main\AndroidManifest.xml
9        android:targetSdkVersion="33" />
9-->src\main\AndroidManifest.xml
10
11    <uses-permission android:name="android.permission.INTERNET" />
11-->src\main\AndroidManifest.xml:4:5-67
11-->src\main\AndroidManifest.xml:4:22-64
12    <uses-permission android:name="android.permission.CALL_PHONE" />
12-->src\main\AndroidManifest.xml:5:5-69
12-->src\main\AndroidManifest.xml:5:22-66
13    <uses-permission android:name="android.permission.READ_PHONE_STATE" />
13-->src\main\AndroidManifest.xml:6:5-75
13-->src\main\AndroidManifest.xml:6:22-72
14    <uses-permission android:name="android.permission.ANSWER_PHONE_CALLS" />
14-->src\main\AndroidManifest.xml:7:5-77
14-->src\main\AndroidManifest.xml:7:22-74
15    <uses-permission android:name="android.permission.VIBRATE" />
15-->src\main\AndroidManifest.xml:9:5-66
15-->src\main\AndroidManifest.xml:9:22-63
16
17    <permission
17-->[androidx.core:core:1.9.0] AndroidManifest.xml:22:5-24:47
18        android:name="arpit.com.farmis.DYNAMIC_RECEIVER_NOT_EXPORTED_PERMISSION"
18-->[androidx.core:core:1.9.0] AndroidManifest.xml:23:9-81
19        android:protectionLevel="signature" />
19-->[androidx.core:core:1.9.0] AndroidManifest.xml:24:9-44
20
21    <uses-permission android:name="arpit.com.farmis.DYNAMIC_RECEIVER_NOT_EXPORTED_PERMISSION" />
21-->[androidx.core:core:1.9.0] AndroidManifest.xml:26:5-97
21-->[androidx.core:core:1.9.0] AndroidManifest.xml:26:22-94
22
23    <application
23-->src\main\AndroidManifest.xml:11:5-67:19
24        android:allowBackup="true"
24-->src\main\AndroidManifest.xml:12:9-35
25        android:appComponentFactory="androidx.core.app.CoreComponentFactory"
25-->[androidx.core:core:1.9.0] AndroidManifest.xml:28:18-86
26        android:debuggable="true"
27        android:icon="@mipmap/ic_launcher"
27-->src\main\AndroidManifest.xml:13:9-43
28        android:label="@string/app_name"
28-->src\main\AndroidManifest.xml:14:9-41
29        android:networkSecurityConfig="@xml/network_security_config"
29-->src\main\AndroidManifest.xml:17:9-69
30        android:supportsRtl="true"
30-->src\main\AndroidManifest.xml:15:9-35
31        android:testOnly="true"
32        android:theme="@style/AppTheme"
32-->src\main\AndroidManifest.xml:16:9-40
33        android:usesCleartextTraffic="true" >
33-->src\main\AndroidManifest.xml:18:9-44
34        <uses-library
34-->src\main\AndroidManifest.xml:19:9-88
35            android:name="org.apache.http.legacy"
35-->src\main\AndroidManifest.xml:19:23-60
36            android:required="false" />
36-->src\main\AndroidManifest.xml:19:61-85
37
38        <activity
38-->src\main\AndroidManifest.xml:20:9-30:20
39            android:name="arpit.com.farmis.MainActivity"
39-->src\main\AndroidManifest.xml:21:13-41
40            android:exported="true"
40-->src\main\AndroidManifest.xml:22:13-36
41            android:label="@string/app_name"
41-->src\main\AndroidManifest.xml:23:13-45
42            android:theme="@style/AppTheme.NoActionBar" >
42-->src\main\AndroidManifest.xml:24:13-56
43            <intent-filter>
43-->src\main\AndroidManifest.xml:25:13-29:29
44                <action android:name="android.intent.action.MAIN" />
44-->src\main\AndroidManifest.xml:26:17-69
44-->src\main\AndroidManifest.xml:26:25-66
45
46                <category android:name="android.intent.category.LAUNCHER" />
46-->src\main\AndroidManifest.xml:28:17-77
46-->src\main\AndroidManifest.xml:28:27-74
47            </intent-filter>
48        </activity>
49        <activity
49-->src\main\AndroidManifest.xml:32:9-36:58
50            android:name="arpit.com.farmis.WeatherActivity"
50-->src\main\AndroidManifest.xml:33:13-44
51            android:label="Weather Forecast"
51-->src\main\AndroidManifest.xml:34:13-45
52            android:parentActivityName="arpit.com.farmis.MainActivity"
52-->src\main\AndroidManifest.xml:36:13-55
53            android:theme="@style/AppTheme.NoActionBar" />
53-->src\main\AndroidManifest.xml:35:13-56
54        <activity
54-->src\main\AndroidManifest.xml:38:9-42:58
55            android:name="arpit.com.farmis.MarketPricesActivity"
55-->src\main\AndroidManifest.xml:39:13-49
56            android:label="Market Prices"
56-->src\main\AndroidManifest.xml:40:13-42
57            android:parentActivityName="arpit.com.farmis.MainActivity"
57-->src\main\AndroidManifest.xml:42:13-55
58            android:theme="@style/AppTheme.NoActionBar" />
58-->src\main\AndroidManifest.xml:41:13-56
59        <activity
59-->src\main\AndroidManifest.xml:44:9-48:58
60            android:name="arpit.com.farmis.GovernmentSchemesActivity"
60-->src\main\AndroidManifest.xml:45:13-54
61            android:label="Government Schemes"
61-->src\main\AndroidManifest.xml:46:13-47
62            android:parentActivityName="arpit.com.farmis.MainActivity"
62-->src\main\AndroidManifest.xml:48:13-55
63            android:theme="@style/AppTheme.NoActionBar" />
63-->src\main\AndroidManifest.xml:47:13-56
64        <activity
64-->src\main\AndroidManifest.xml:50:9-54:58
65            android:name="arpit.com.farmis.MarketplaceActivity"
65-->src\main\AndroidManifest.xml:51:13-48
66            android:label="Marketplace"
66-->src\main\AndroidManifest.xml:52:13-40
67            android:parentActivityName="arpit.com.farmis.MainActivity"
67-->src\main\AndroidManifest.xml:54:13-55
68            android:theme="@style/AppTheme.NoActionBar" />
68-->src\main\AndroidManifest.xml:53:13-56
69        <activity
69-->src\main\AndroidManifest.xml:56:9-60:58
70            android:name="arpit.com.farmis.CommunityActivity"
70-->src\main\AndroidManifest.xml:57:13-46
71            android:label="Farmer Community"
71-->src\main\AndroidManifest.xml:58:13-45
72            android:parentActivityName="arpit.com.farmis.MainActivity"
72-->src\main\AndroidManifest.xml:60:13-55
73            android:theme="@style/AppTheme.NoActionBar" />
73-->src\main\AndroidManifest.xml:59:13-56
74        <activity
74-->src\main\AndroidManifest.xml:62:9-66:58
75            android:name="arpit.com.farmis.KnowledgeActivity"
75-->src\main\AndroidManifest.xml:63:13-46
76            android:label="Knowledge Base"
76-->src\main\AndroidManifest.xml:64:13-43
77            android:parentActivityName="arpit.com.farmis.MainActivity"
77-->src\main\AndroidManifest.xml:66:13-55
78            android:theme="@style/AppTheme.NoActionBar" />
78-->src\main\AndroidManifest.xml:65:13-56
79
80        <provider
80-->[androidx.emoji2:emoji2:1.2.0] AndroidManifest.xml:24:9-32:20
81            android:name="androidx.startup.InitializationProvider"
81-->[androidx.emoji2:emoji2:1.2.0] AndroidManifest.xml:25:13-67
82            android:authorities="arpit.com.farmis.androidx-startup"
82-->[androidx.emoji2:emoji2:1.2.0] AndroidManifest.xml:26:13-68
83            android:exported="false" >
83-->[androidx.emoji2:emoji2:1.2.0] AndroidManifest.xml:27:13-37
84            <meta-data
84-->[androidx.emoji2:emoji2:1.2.0] AndroidManifest.xml:29:13-31:52
85                android:name="androidx.emoji2.text.EmojiCompatInitializer"
85-->[androidx.emoji2:emoji2:1.2.0] AndroidManifest.xml:30:17-75
86                android:value="androidx.startup" />
86-->[androidx.emoji2:emoji2:1.2.0] AndroidManifest.xml:31:17-49
87            <meta-data
87-->[androidx.lifecycle:lifecycle-process:2.4.1] AndroidManifest.xml:31:13-33:52
88                android:name="androidx.lifecycle.ProcessLifecycleInitializer"
88-->[androidx.lifecycle:lifecycle-process:2.4.1] AndroidManifest.xml:32:17-78
89                android:value="androidx.startup" />
89-->[androidx.lifecycle:lifecycle-process:2.4.1] AndroidManifest.xml:33:17-49
90        </provider>
91    </application>
92
93</manifest>